[01m[K/home/youran/Desktop/introtoros_2025/project/src/control_package/src/control_node.cpp:[m[K In member function â€˜[01m[Kvoid AngleDebugExecutor::analyzeAngles(const Pose&, const Pose&, simulation::VehicleControl&)[m[Kâ€™:
[01m[K/home/youran/Desktop/introtoros_2025/project/src/control_package/src/control_node.cpp:256:71:[m[K [01;31m[Kerror: [m[Kno matching function for call to â€˜[01m[Kmax(double, __gnu_cxx::__alloc_traits<std::allocator<float>, float>::value_type&)[m[Kâ€™
  256 |             target_speed = std::max(1.0, dwa_trajectory_.velocities[0][01;31m[K)[m[K;
      |                                                                       [01;31m[K^[m[K
In file included from [01m[K/usr/include/c++/9/bits/char_traits.h:39[m[K,
                 from [01m[K/usr/include/c++/9/string:40[m[K,
                 from [01m[K/opt/ros/noetic/include/ros/platform.h:38[m[K,
                 from [01m[K/opt/ros/noetic/include/ros/time.h:53[m[K,
                 from [01m[K/opt/ros/noetic/include/ros/ros.h:38[m[K,
                 from [01m[K/home/youran/Desktop/introtoros_2025/project/src/control_package/src/control_node.cpp:1[m[K:
[01m[K/usr/include/c++/9/bits/stl_algobase.h:222:5:[m[K [01;36m[Knote: [m[Kcandidate: â€˜[01m[Ktemplate<class _Tp> constexpr const _Tp& std::max(const _Tp&, const _Tp&)[m[Kâ€™
  222 |     [01;36m[Kmax[m[K(const _Tp& __a, const _Tp& __b)
      |     [01;36m[K^~~[m[K
[01m[K/usr/include/c++/9/bits/stl_algobase.h:222:5:[m[K [01;36m[Knote: [m[K  template argument deduction/substitution failed:
[01m[K/home/youran/Desktop/introtoros_2025/project/src/control_package/src/control_node.cpp:256:71:[m[K [01;36m[Knote: [m[K  deduced conflicting types for parameter â€˜[01m[Kconst _Tp[m[Kâ€™ (â€˜[01m[Kdouble[m[Kâ€™ and â€˜[01m[K__gnu_cxx::__alloc_traits<std::allocator<float>, float>::value_type[m[Kâ€™ {aka â€˜[01m[Kfloat[m[Kâ€™})
  256 |             target_speed = std::max(1.0, dwa_trajectory_.velocities[0][01;36m[K)[m[K;
      |                                                                       [01;36m[K^[m[K
In file included from [01m[K/usr/include/c++/9/bits/char_traits.h:39[m[K,
                 from [01m[K/usr/include/c++/9/string:40[m[K,
                 from [01m[K/opt/ros/noetic/include/ros/platform.h:38[m[K,
                 from [01m[K/opt/ros/noetic/include/ros/time.h:53[m[K,
                 from [01m[K/opt/ros/noetic/include/ros/ros.h:38[m[K,
                 from [01m[K/home/youran/Desktop/introtoros_2025/project/src/control_package/src/control_node.cpp:1[m[K:
[01m[K/usr/include/c++/9/bits/stl_algobase.h:268:5:[m[K [01;36m[Knote: [m[Kcandidate: â€˜[01m[Ktemplate<class _Tp, class _Compare> constexpr const _Tp& std::max(const _Tp&, const _Tp&, _Compare)[m[Kâ€™
  268 |     [01;36m[Kmax[m[K(const _Tp& __a, const _Tp& __b, _Compare __comp)
      |     [01;36m[K^~~[m[K
[01m[K/usr/include/c++/9/bits/stl_algobase.h:268:5:[m[K [01;36m[Knote: [m[K  template argument deduction/substitution failed:
[01m[K/home/youran/Desktop/introtoros_2025/project/src/control_package/src/control_node.cpp:256:71:[m[K [01;36m[Knote: [m[K  deduced conflicting types for parameter â€˜[01m[Kconst _Tp[m[Kâ€™ (â€˜[01m[Kdouble[m[Kâ€™ and â€˜[01m[K__gnu_cxx::__alloc_traits<std::allocator<float>, float>::value_type[m[Kâ€™ {aka â€˜[01m[Kfloat[m[Kâ€™})
  256 |             target_speed = std::max(1.0, dwa_trajectory_.velocities[0][01;36m[K)[m[K;
      |                                                                       [01;36m[K^[m[K
In file included from [01m[K/usr/include/c++/9/algorithm:62[m[K,
                 from [01m[K/usr/include/boost/math/tools/config.hpp:18[m[K,
                 from [01m[K/usr/include/boost/math/special_functions/round.hpp:13[m[K,
                 from [01m[K/opt/ros/noetic/include/ros/time.h:58[m[K,
                 from [01m[K/opt/ros/noetic/include/ros/ros.h:38[m[K,
                 from [01m[K/home/youran/Desktop/introtoros_2025/project/src/control_package/src/control_node.cpp:1[m[K:
[01m[K/usr/include/c++/9/bits/stl_algo.h:3462:5:[m[K [01;36m[Knote: [m[Kcandidate: â€˜[01m[Ktemplate<class _Tp> constexpr _Tp std::max(std::initializer_list<_Tp>)[m[Kâ€™
 3462 |     [01;36m[Kmax[m[K(initializer_list<_Tp> __l)
      |     [01;36m[K^~~[m[K
[01m[K/usr/include/c++/9/bits/stl_algo.h:3462:5:[m[K [01;36m[Knote: [m[K  template argument deduction/substitution failed:
[01m[K/home/youran/Desktop/introtoros_2025/project/src/control_package/src/control_node.cpp:256:71:[m[K [01;36m[Knote: [m[K  mismatched types â€˜[01m[Kstd::initializer_list<_Tp>[m[Kâ€™ and â€˜[01m[Kdouble[m[Kâ€™
  256 |             target_speed = std::max(1.0, dwa_trajectory_.velocities[0][01;36m[K)[m[K;
      |                                                                       [01;36m[K^[m[K
In file included from [01m[K/usr/include/c++/9/algorithm:62[m[K,
                 from [01m[K/usr/include/boost/math/tools/config.hpp:18[m[K,
                 from [01m[K/usr/include/boost/math/special_functions/round.hpp:13[m[K,
                 from [01m[K/opt/ros/noetic/include/ros/time.h:58[m[K,
                 from [01m[K/opt/ros/noetic/include/ros/ros.h:38[m[K,
                 from [01m[K/home/youran/Desktop/introtoros_2025/project/src/control_package/src/control_node.cpp:1[m[K:
[01m[K/usr/include/c++/9/bits/stl_algo.h:3468:5:[m[K [01;36m[Knote: [m[Kcandidate: â€˜[01m[Ktemplate<class _Tp, class _Compare> constexpr _Tp std::max(std::initializer_list<_Tp>, _Compare)[m[Kâ€™
 3468 |     [01;36m[Kmax[m[K(initializer_list<_Tp> __l, _Compare __comp)
      |     [01;36m[K^~~[m[K
[01m[K/usr/include/c++/9/bits/stl_algo.h:3468:5:[m[K [01;36m[Knote: [m[K  template argument deduction/substitution failed:
[01m[K/home/youran/Desktop/introtoros_2025/project/src/control_package/src/control_node.cpp:256:71:[m[K [01;36m[Knote: [m[K  mismatched types â€˜[01m[Kstd::initializer_list<_Tp>[m[Kâ€™ and â€˜[01m[Kdouble[m[Kâ€™
  256 |             target_speed = std::max(1.0, dwa_trajectory_.velocities[0][01;36m[K)[m[K;
      |                                                                       [01;36m[K^[m[K
make[2]: *** [CMakeFiles/control_node.dir/build.make:63: CMakeFiles/control_node.dir/src/control_node.cpp.o] Error 1
make[1]: *** [CMakeFiles/Makefile2:995: CMakeFiles/control_node.dir/all] Error 2
make: *** [Makefile:141: all] Error 2
