[ 25%] Built target traffic_light_node
[ 50%] Built target front_hazard_node
[35m[1mScanning dependencies of target map_builder_node[0m
[ 75%] Built target depth_to_cloud_node
[ 87%] [32mBuilding CXX object CMakeFiles/map_builder_node.dir/src/map_builder_node.cpp.o[0m
[01m[K/home/youran/Documents/introtoros_2025/project/src/perception/src/map_builder_node.cpp:105:20:[m[K [01;31m[Kerror: [m[Kâ€˜[01m[KTwistStamped[m[Kâ€™ in namespace â€˜[01m[Kgeometry_msgs[m[Kâ€™ does not name a type; did you mean â€˜[01m[KPointStamped[m[Kâ€™?
  105 |     geometry_msgs::[01;31m[KTwistStamped[m[K current_unity_twist;
      |                    [01;31m[K^~~~~~~~~~~~[m[K
      |                    [32m[KPointStamped[m[K
[01m[K/home/youran/Documents/introtoros_2025/project/src/perception/src/map_builder_node.cpp:147:50:[m[K [01;31m[Kerror: [m[Kâ€˜[01m[KTwistStamped[m[Kâ€™ in namespace â€˜[01m[Kgeometry_msgs[m[Kâ€™ does not name a type; did you mean â€˜[01m[KPointStamped[m[Kâ€™?
  147 |     void unityTwistCallback(const geometry_msgs::[01;31m[KTwistStamped[m[K::ConstPtr& msg) {
      |                                                  [01;31m[K^~~~~~~~~~~~[m[K
      |                                                  [32m[KPointStamped[m[K
[01m[K/home/youran/Documents/introtoros_2025/project/src/perception/src/map_builder_node.cpp:147:72:[m[K [01;31m[Kerror: [m[Kexpected unqualified-id before â€˜[01m[K&[m[Kâ€™ token
  147 |     void unityTwistCallback(const geometry_msgs::TwistStamped::ConstPtr[01;31m[K&[m[K msg) {
      |                                                                        [01;31m[K^[m[K
[01m[K/home/youran/Documents/introtoros_2025/project/src/perception/src/map_builder_node.cpp:147:72:[m[K [01;31m[Kerror: [m[Kexpected â€˜[01m[K)[m[Kâ€™ before â€˜[01m[K&[m[Kâ€™ token
  147 |     void unityTwistCallback[34m[K([m[Kconst geometry_msgs::TwistStamped::ConstPtr[01;31m[K&[m[K msg) {
      |                            [34m[K~[m[K                                           [01;31m[K^[m[K
      |                                                                        [32m[K)[m[K
[01m[K/home/youran/Documents/introtoros_2025/project/src/perception/src/map_builder_node.cpp:147:72:[m[K [01;31m[Kerror: [m[Kexpected â€˜[01m[K;[m[Kâ€™ at end of member declaration
  147 |     void unityTwistCallback(const geometry_msgs::TwistStamped::ConstPtr[01;31m[K&[m[K msg) {
      |                                                                        [01;31m[K^[m[K
      |                                                                         [32m[K;[m[K
[01m[K/home/youran/Documents/introtoros_2025/project/src/perception/src/map_builder_node.cpp:147:74:[m[K [01;31m[Kerror: [m[Kâ€˜[01m[Kmsg[m[Kâ€™ does not name a type
  147 |     void unityTwistCallback(const geometry_msgs::TwistStamped::ConstPtr& [01;31m[Kmsg[m[K) {
      |                                                                          [01;31m[K^~~[m[K
[01m[K/home/youran/Documents/introtoros_2025/project/src/perception/src/map_builder_node.cpp:[m[K In constructor â€˜[01m[KMapBuilder::MapBuilder(ros::NodeHandle&)[m[Kâ€™:
[01m[K/home/youran/Documents/introtoros_2025/project/src/perception/src/map_builder_node.cpp:32:122:[m[K [01;31m[Kerror: [m[Kno matching function for call to â€˜[01m[Kros::NodeHandle::subscribe(const char [39], int, void (MapBuilder::*)(...) &, MapBuilder*)[m[Kâ€™
   32 |         unity_twist_sub = nh.subscribe("/Unity_ROS_message_Rx/OurCar/CoM/twist", 1, &MapBuilder::unityTwistCallback, this[01;31m[K)[m[K;
      |                                                                                                                          [01;31m[K^[m[K
In file included from [01m[K/opt/ros/noetic/include/ros/ros.h:45[m[K,
                 from [01m[K/home/youran/Documents/introtoros_2025/project/src/perception/src/map_builder_node.cpp:1[m[K:
[01m[K/opt/ros/noetic/include/ros/node_handle.h:402:14:[m[K [01;36m[Knote: [m[Kcandidate: â€˜[01m[Ktemplate<class M, class T> ros::Subscriber ros::NodeHandle::subscribe(const string&, uint32_t, void (T::*)(M), T*, const ros::TransportHints&)[m[Kâ€™
  402 |   Subscriber [01;36m[Ksubscribe[m[K(const std::string& topic, uint32_t queue_size, void(T::*fp)(M), T* obj,
      |              [01;36m[K^~~~~~~~~[m[K
[01m[K/opt/ros/noetic/include/ros/node_handle.h:402:14:[m[K [01;36m[Knote: [m[K  template argument deduction/substitution failed:
[01m[K/home/youran/Documents/introtoros_2025/project/src/perception/src/map_builder_node.cpp:32:122:[m[K [01;36m[Knote: [m[K  mismatched types â€˜[01m[Kvoid (T::)(M)[m[Kâ€™ and â€˜[01m[Kvoid (MapBuilder::)(...) &[m[Kâ€™
   32 |         unity_twist_sub = nh.subscribe("/Unity_ROS_message_Rx/OurCar/CoM/twist", 1, &MapBuilder::unityTwistCallback, this[01;36m[K)[m[K;
      |                                                                                                                          [01;36m[K^[m[K
In file included from [01m[K/opt/ros/noetic/include/ros/ros.h:45[m[K,
                 from [01m[K/home/youran/Documents/introtoros_2025/project/src/perception/src/map_builder_node.cpp:1[m[K:
[01m[K/opt/ros/noetic/include/ros/node_handle.h:413:14:[m[K [01;36m[Knote: [m[Kcandidate: â€˜[01m[Ktemplate<class M, class T> ros::Subscriber ros::NodeHandle::subscribe(const string&, uint32_t, void (T::*)(M) const, T*, const ros::TransportHints&)[m[Kâ€™
  413 |   Subscriber [01;36m[Ksubscribe[m[K(const std::string& topic, uint32_t queue_size, void(T::*fp)(M) const, T* obj,
      |              [01;36m[K^~~~~~~~~[m[K
[01m[K/opt/ros/noetic/include/ros/node_handle.h:413:14:[m[K [01;36m[Knote: [m[K  template argument deduction/substitution failed:
[01m[K/home/youran/Documents/introtoros_2025/project/src/perception/src/map_builder_node.cpp:32:122:[m[K [01;36m[Knote: [m[K  types â€˜[01m[Kvoid (T::)(M) const[m[Kâ€™ and â€˜[01m[Kvoid (MapBuilder::)(...) &[m[Kâ€™ have incompatible cv-qualifiers
   32 |         unity_twist_sub = nh.subscribe("/Unity_ROS_message_Rx/OurCar/CoM/twist", 1, &MapBuilder::unityTwistCallback, this[01;36m[K)[m[K;
      |                                                                                                                          [01;36m[K^[m[K
In file included from [01m[K/opt/ros/noetic/include/ros/ros.h:45[m[K,
                 from [01m[K/home/youran/Documents/introtoros_2025/project/src/perception/src/map_builder_node.cpp:1[m[K:
[01m[K/opt/ros/noetic/include/ros/node_handle.h:465:14:[m[K [01;36m[Knote: [m[Kcandidate: â€˜[01m[Ktemplate<class M, class T> ros::Subscriber ros::NodeHandle::subscribe(const string&, uint32_t, void (T::*)(const boost::shared_ptr<const M>&), T*, const ros::TransportHints&)[m[Kâ€™
  465 |   Subscriber [01;36m[Ksubscribe[m[K(const std::string& topic, uint32_t queue_size,
      |              [01;36m[K^~~~~~~~~[m[K
[01m[K/opt/ros/noetic/include/ros/node_handle.h:465:14:[m[K [01;36m[Knote: [m[K  template argument deduction/substitution failed:
[01m[K/home/youran/Documents/introtoros_2025/project/src/perception/src/map_builder_node.cpp:32:122:[m[K [01;36m[Knote: [m[K  mismatched types â€˜[01m[Kvoid (T::)(const boost::shared_ptr<const M>&)[m[Kâ€™ and â€˜[01m[Kvoid (MapBuilder::)(...) &[m[Kâ€™
   32 |         unity_twist_sub = nh.subscribe("/Unity_ROS_message_Rx/OurCar/CoM/twist", 1, &MapBuilder::unityTwistCallback, this[01;36m[K)[m[K;
      |                                                                                                                          [01;36m[K^[m[K
In file included from [01m[K/opt/ros/noetic/include/ros/ros.h:45[m[K,
                 from [01m[K/home/youran/Documents/introtoros_2025/project/src/perception/src/map_builder_node.cpp:1[m[K:
[01m[K/opt/ros/noetic/include/ros/node_handle.h:475:14:[m[K [01;36m[Knote: [m[Kcandidate: â€˜[01m[Ktemplate<class M, class T> ros::Subscriber ros::NodeHandle::subscribe(const string&, uint32_t, void (T::*)(const boost::shared_ptr<const M>&) const, T*, const ros::TransportHints&)[m[Kâ€™
  475 |   Subscriber [01;36m[Ksubscribe[m[K(const std::string& topic, uint32_t queue_size,
      |              [01;36m[K^~~~~~~~~[m[K
[01m[K/opt/ros/noetic/include/ros/node_handle.h:475:14:[m[K [01;36m[Knote: [m[K  template argument deduction/substitution failed:
[01m[K/home/youran/Documents/introtoros_2025/project/src/perception/src/map_builder_node.cpp:32:122:[m[K [01;36m[Knote: [m[K  types â€˜[01m[Kvoid (T::)(const boost::shared_ptr<const M>&) const[m[Kâ€™ and â€˜[01m[Kvoid (MapBuilder::)(...) &[m[Kâ€™ have incompatible cv-qualifiers
   32 |         unity_twist_sub = nh.subscribe("/Unity_ROS_message_Rx/OurCar/CoM/twist", 1, &MapBuilder::unityTwistCallback, this[01;36m[K)[m[K;
      |                                                                                                                          [01;36m[K^[m[K
In file included from [01m[K/opt/ros/noetic/include/ros/ros.h:45[m[K,
                 from [01m[K/home/youran/Documents/introtoros_2025/project/src/perception/src/map_builder_node.cpp:1[m[K:
[01m[K/opt/ros/noetic/include/ros/node_handle.h:529:14:[m[K [01;36m[Knote: [m[Kcandidate: â€˜[01m[Ktemplate<class M, class T> ros::Subscriber ros::NodeHandle::subscribe(const string&, uint32_t, void (T::*)(M), const boost::shared_ptr<U>&, const ros::TransportHints&)[m[Kâ€™
  529 |   Subscriber [01;36m[Ksubscribe[m[K(const std::string& topic, uint32_t queue_size, void(T::*fp)(M),
      |              [01;36m[K^~~~~~~~~[m[K
[01m[K/opt/ros/noetic/include/ros/node_handle.h:529:14:[m[K [01;36m[Knote: [m[K  template argument deduction/substitution failed:
[01m[K/home/youran/Documents/introtoros_2025/project/src/perception/src/map_builder_node.cpp:32:122:[m[K [01;36m[Knote: [m[K  mismatched types â€˜[01m[Kvoid (T::)(M)[m[Kâ€™ and â€˜[01m[Kvoid (MapBuilder::)(...) &[m[Kâ€™
   32 |         unity_twist_sub = nh.subscribe("/Unity_ROS_message_Rx/OurCar/CoM/twist", 1, &MapBuilder::unityTwistCallback, this[01;36m[K)[m[K;
      |                                                                                                                          [01;36m[K^[m[K
In file included from [01m[K/opt/ros/noetic/include/ros/ros.h:45[m[K,
                 from [01m[K/home/youran/Documents/introtoros_2025/project/src/perception/src/map_builder_node.cpp:1[m[K:
[01m[K/opt/ros/noetic/include/ros/node_handle.h:540:14:[m[K [01;36m[Knote: [m[Kcandidate: â€˜[01m[Ktemplate<class M, class T> ros::Subscriber ros::NodeHandle::subscribe(const string&, uint32_t, void (T::*)(M) const, const boost::shared_ptr<U>&, const ros::TransportHints&)[m[Kâ€™
  540 |   Subscriber [01;36m[Ksubscribe[m[K(const std::string& topic, uint32_t queue_size, void(T::*fp)(M) const,
      |              [01;36m[K^~~~~~~~~[m[K
[01m[K/opt/ros/noetic/include/ros/node_handle.h:540:14:[m[K [01;36m[Knote: [m[K  template argument deduction/substitution failed:
[01m[K/home/youran/Documents/introtoros_2025/project/src/perception/src/map_builder_node.cpp:32:122:[m[K [01;36m[Knote: [m[K  types â€˜[01m[Kvoid (T::)(M) const[m[Kâ€™ and â€˜[01m[Kvoid (MapBuilder::)(...) &[m[Kâ€™ have incompatible cv-qualifiers
   32 |         unity_twist_sub = nh.subscribe("/Unity_ROS_message_Rx/OurCar/CoM/twist", 1, &MapBuilder::unityTwistCallback, this[01;36m[K)[m[K;
      |                                                                                                                          [01;36m[K^[m[K
In file included from [01m[K/opt/ros/noetic/include/ros/ros.h:45[m[K,
                 from [01m[K/home/youran/Documents/introtoros_2025/project/src/perception/src/map_builder_node.cpp:1[m[K:
[01m[K/opt/ros/noetic/include/ros/node_handle.h:594:14:[m[K [01;36m[Knote: [m[Kcandidate: â€˜[01m[Ktemplate<class M, class T> ros::Subscriber ros::NodeHandle::subscribe(const string&, uint32_t, void (T::*)(const boost::shared_ptr<const M>&), const boost::shared_ptr<U>&, const ros::TransportHints&)[m[Kâ€™
  594 |   Subscriber [01;36m[Ksubscribe[m[K(const std::string& topic, uint32_t queue_size,
      |              [01;36m[K^~~~~~~~~[m[K
[01m[K/opt/ros/noetic/include/ros/node_handle.h:594:14:[m[K [01;36m[Knote: [m[K  template argument deduction/substitution failed:
[01m[K/home/youran/Documents/introtoros_2025/project/src/perception/src/map_builder_node.cpp:32:122:[m[K [01;36m[Knote: [m[K  mismatched types â€˜[01m[Kvoid (T::)(const boost::shared_ptr<const M>&)[m[Kâ€™ and â€˜[01m[Kvoid (MapBuilder::)(...) &[m[Kâ€™
   32 |         unity_twist_sub = nh.subscribe("/Unity_ROS_message_Rx/OurCar/CoM/twist", 1, &MapBuilder::unityTwistCallback, this[01;36m[K)[m[K;
      |                                                                                                                          [01;36m[K^[m[K
In file included from [01m[K/opt/ros/noetic/include/ros/ros.h:45[m[K,
                 from [01m[K/home/youran/Documents/introtoros_2025/project/src/perception/src/map_builder_node.cpp:1[m[K:
[01m[K/opt/ros/noetic/include/ros/node_handle.h:605:14:[m[K [01;36m[Knote: [m[Kcandidate: â€˜[01m[Ktemplate<class M, class T> ros::Subscriber ros::NodeHandle::subscribe(const string&, uint32_t, void (T::*)(const boost::shared_ptr<const M>&) const, const boost::shared_ptr<U>&, const ros::TransportHints&)[m[Kâ€™
  605 |   Subscriber [01;36m[Ksubscribe[m[K(const std::string& topic, uint32_t queue_size,
      |              [01;36m[K^~~~~~~~~[m[K
[01m[K/opt/ros/noetic/include/ros/node_handle.h:605:14:[m[K [01;36m[Knote: [m[K  template argument deduction/substitution failed:
[01m[K/home/youran/Documents/introtoros_2025/project/src/perception/src/map_builder_node.cpp:32:122:[m[K [01;36m[Knote: [m[K  types â€˜[01m[Kvoid (T::)(const boost::shared_ptr<const M>&) const[m[Kâ€™ and â€˜[01m[Kvoid (MapBuilder::)(...) &[m[Kâ€™ have incompatible cv-qualifiers
   32 |         unity_twist_sub = nh.subscribe("/Unity_ROS_message_Rx/OurCar/CoM/twist", 1, &MapBuilder::unityTwistCallback, this[01;36m[K)[m[K;
      |                                                                                                                          [01;36m[K^[m[K
In file included from [01m[K/opt/ros/noetic/include/ros/ros.h:45[m[K,
                 from [01m[K/home/youran/Documents/introtoros_2025/project/src/perception/src/map_builder_node.cpp:1[m[K:
[01m[K/opt/ros/noetic/include/ros/node_handle.h:656:14:[m[K [01;36m[Knote: [m[Kcandidate: â€˜[01m[Ktemplate<class M> ros::Subscriber ros::NodeHandle::subscribe(const string&, uint32_t, void (*)(M), const ros::TransportHints&)[m[Kâ€™
  656 |   Subscriber [01;36m[Ksubscribe[m[K(const std::string& topic, uint32_t queue_size, void(*fp)(M), const TransportHints& transport_hints = TransportHints())
      |              [01;36m[K^~~~~~~~~[m[K
[01m[K/opt/ros/noetic/include/ros/node_handle.h:656:14:[m[K [01;36m[Knote: [m[K  template argument deduction/substitution failed:
[01m[K/home/youran/Documents/introtoros_2025/project/src/perception/src/map_builder_node.cpp:32:122:[m[K [01;36m[Knote: [m[K  mismatched types â€˜[01m[Kvoid (*)(M)[m[Kâ€™ and â€˜[01m[Kvoid (MapBuilder::*)(...) &[m[Kâ€™
   32 |         unity_twist_sub = nh.subscribe("/Unity_ROS_message_Rx/OurCar/CoM/twist", 1, &MapBuilder::unityTwistCallback, this[01;36m[K)[m[K;
      |                                                                                                                          [01;36m[K^[m[K
In file included from [01m[K/opt/ros/noetic/include/ros/ros.h:45[m[K,
                 from [01m[K/home/youran/Documents/introtoros_2025/project/src/perception/src/map_builder_node.cpp:1[m[K:
[01m[K/opt/ros/noetic/include/ros/node_handle.h:704:14:[m[K [01;36m[Knote: [m[Kcandidate: â€˜[01m[Ktemplate<class M> ros::Subscriber ros::NodeHandle::subscribe(const string&, uint32_t, void (*)(const boost::shared_ptr<const M>&), const ros::TransportHints&)[m[Kâ€™
  704 |   Subscriber [01;36m[Ksubscribe[m[K(const std::string& topic, uint32_t queue_size, void(*fp)(const boost::shared_ptr<M const>&), const TransportHints& transport_hints = TransportHints())
      |              [01;36m[K^~~~~~~~~[m[K
[01m[K/opt/ros/noetic/include/ros/node_handle.h:704:14:[m[K [01;36m[Knote: [m[K  template argument deduction/substitution failed:
[01m[K/home/youran/Documents/introtoros_2025/project/src/perception/src/map_builder_node.cpp:32:122:[m[K [01;36m[Knote: [m[K  mismatched types â€˜[01m[Kvoid (*)(const boost::shared_ptr<const M>&)[m[Kâ€™ and â€˜[01m[Kvoid (MapBuilder::*)(...) &[m[Kâ€™
   32 |         unity_twist_sub = nh.subscribe("/Unity_ROS_message_Rx/OurCar/CoM/twist", 1, &MapBuilder::unityTwistCallback, this[01;36m[K)[m[K;
      |                                                                                                                          [01;36m[K^[m[K
In file included from [01m[K/opt/ros/noetic/include/ros/ros.h:45[m[K,
                 from [01m[K/home/youran/Documents/introtoros_2025/project/src/perception/src/map_builder_node.cpp:1[m[K:
[01m[K/opt/ros/noetic/include/ros/node_handle.h:750:14:[m[K [01;36m[Knote: [m[Kcandidate: â€˜[01m[Ktemplate<class M> ros::Subscriber ros::NodeHandle::subscribe(const string&, uint32_t, const boost::function<void(const boost::shared_ptr<const M>&)>&, const VoidConstPtr&, const ros::TransportHints&)[m[Kâ€™
  750 |   Subscriber [01;36m[Ksubscribe[m[K(const std::string& topic, uint32_t queue_size, const boost::function<void (const boost::shared_ptr<M const>&)>& callback,
      |              [01;36m[K^~~~~~~~~[m[K
[01m[K/opt/ros/noetic/include/ros/node_handle.h:750:14:[m[K [01;36m[Knote: [m[K  template argument deduction/substitution failed:
[01m[K/home/youran/Documents/introtoros_2025/project/src/perception/src/map_builder_node.cpp:32:122:[m[K [01;36m[Knote: [m[K  mismatched types â€˜[01m[Kconst boost::function<void(const boost::shared_ptr<const M>&)>[m[Kâ€™ and â€˜[01m[Kvoid (MapBuilder::*)(...) &[m[Kâ€™
   32 |         unity_twist_sub = nh.subscribe("/Unity_ROS_message_Rx/OurCar/CoM/twist", 1, &MapBuilder::unityTwistCallback, this[01;36m[K)[m[K;
      |                                                                                                                          [01;36m[K^[m[K
In file included from [01m[K/opt/ros/noetic/include/ros/ros.h:45[m[K,
                 from [01m[K/home/youran/Documents/introtoros_2025/project/src/perception/src/map_builder_node.cpp:1[m[K:
[01m[K/opt/ros/noetic/include/ros/node_handle.h:799:14:[m[K [01;36m[Knote: [m[Kcandidate: â€˜[01m[Ktemplate<class M, class C> ros::Subscriber ros::NodeHandle::subscribe(const string&, uint32_t, const boost::function<void(C)>&, const VoidConstPtr&, const ros::TransportHints&)[m[Kâ€™
  799 |   Subscriber [01;36m[Ksubscribe[m[K(const std::string& topic, uint32_t queue_size, const boost::function<void (C)>& callback,
      |              [01;36m[K^~~~~~~~~[m[K
[01m[K/opt/ros/noetic/include/ros/node_handle.h:799:14:[m[K [01;36m[Knote: [m[K  template argument deduction/substitution failed:
[01m[K/home/youran/Documents/introtoros_2025/project/src/perception/src/map_builder_node.cpp:32:122:[m[K [01;36m[Knote: [m[K  mismatched types â€˜[01m[Kconst boost::function<void(C)>[m[Kâ€™ and â€˜[01m[Kvoid (MapBuilder::*)(...) &[m[Kâ€™
   32 |         unity_twist_sub = nh.subscribe("/Unity_ROS_message_Rx/OurCar/CoM/twist", 1, &MapBuilder::unityTwistCallback, this[01;36m[K)[m[K;
      |                                                                                                                          [01;36m[K^[m[K
In file included from [01m[K/opt/ros/noetic/include/ros/ros.h:45[m[K,
                 from [01m[K/home/youran/Documents/introtoros_2025/project/src/perception/src/map_builder_node.cpp:1[m[K:
[01m[K/opt/ros/noetic/include/ros/node_handle.h:836:14:[m[K [01;36m[Knote: [m[Kcandidate: â€˜[01m[Kros::Subscriber ros::NodeHandle::subscribe(ros::SubscribeOptions&)[m[Kâ€™
  836 |   Subscriber [01;36m[Ksubscribe[m[K(SubscribeOptions& ops);
      |              [01;36m[K^~~~~~~~~[m[K
[01m[K/opt/ros/noetic/include/ros/node_handle.h:836:14:[m[K [01;36m[Knote: [m[K  candidate expects 1 argument, 4 provided
[01m[K/home/youran/Documents/introtoros_2025/project/src/perception/src/map_builder_node.cpp:[m[K In member function â€˜[01m[Kvoid MapBuilder::publishVehicleOdometry(const PoseStamped&, const ros::Time&)[m[Kâ€™:
[01m[K/home/youran/Documents/introtoros_2025/project/src/perception/src/map_builder_node.cpp:360:37:[m[K [01;31m[Kerror: [m[Kâ€˜[01m[Kcurrent_unity_twist[m[Kâ€™ was not declared in this scope; did you mean â€˜[01m[Kcurrent_unity_pose[m[Kâ€™?
  360 |         if (unity_data_available && [01;31m[Kcurrent_unity_twist[m[K.header.stamp.toSec() > 0) {
      |                                     [01;31m[K^~~~~~~~~~~~~~~~~~~[m[K
      |                                     [32m[Kcurrent_unity_pose[m[K
[01m[K/home/youran/Documents/introtoros_2025/project/src/perception/src/map_builder_node.cpp:[m[K In function â€˜[01m[Kint main(int, char**)[m[Kâ€™:
[01m[K/home/youran/Documents/introtoros_2025/project/src/perception/src/map_builder_node.cpp:584:27:[m[K [01;31m[Kerror: [m[Kexpected â€˜[01m[K}[m[Kâ€™ at end of input
  584 |     MapBuilder builder(nh)[01;31m[K;[m[K
      |                           [01;31m[K^[m[K
[01m[K/home/youran/Documents/introtoros_2025/project/src/perception/src/map_builder_node.cpp:581:33:[m[K [01;36m[Knote: [m[Kto match this â€˜[01m[K{[m[Kâ€™
  581 | int main(int argc, char** argv) [01;36m[K{[m[K
      |                                 [01;36m[K^[m[K
make[2]: *** [CMakeFiles/map_builder_node.dir/build.make:63: CMakeFiles/map_builder_node.dir/src/map_builder_node.cpp.o] Error 1
make[1]: *** [CMakeFiles/Makefile2:2146: CMakeFiles/map_builder_node.dir/all] Error 2
make: *** [Makefile:141: all] Error 2
